<?xml version="1.0" encoding="UTF-8"?>
<!-- Generated by org.testng.reporters.JUnitReportReporter -->
<testsuite hostname="PIYAL-PC" failures="0" tests="3" name="com.concast.Contact.Contact" time="0.018" errors="0" timestamp="21 Sep 2021 11:24:38 GMT" skipped="0">
  <testcase classname="com.concast.Contact.Contact" name="createContactTest" time="0.013"/>
  <testcase classname="com.concast.Contact.Contact" name="deleteContactTest" time="0.002"/>
  <testcase classname="com.concast.Contact.Contact" name="createContactWithOrgTest" time="0.003"/>
</testsuite> <!-- com.concast.Contact.Contact -->
